#-----------------------------------------------------------
# Vivado v2019.1 (64-bit)
# SW Build 2552052 on Fri May 24 14:49:42 MDT 2019
# IP Build 2548770 on Fri May 24 18:01:18 MDT 2019
# Start of session at: Tue May  7 16:13:38 2024
# Process ID: 25208
# Current directory: D:/Github/Zybo-Z7-20-pcam-5c/vivado_proj
# Command line: vivado.exe -gui_launcher_event rodinguilauncherevent11164 D:\Github\Zybo-Z7-20-pcam-5c\vivado_proj\Zybo-Z7-20-pcam-5c.xpr
# Log file: D:/Github/Zybo-Z7-20-pcam-5c/vivado_proj/vivado.log
# Journal file: D:/Github/Zybo-Z7-20-pcam-5c/vivado_proj\vivado.jou
#-----------------------------------------------------------
start_gui
open_project D:/Github/Zybo-Z7-20-pcam-5c/vivado_proj/Zybo-Z7-20-pcam-5c.xpr
INFO: [Project 1-313] Project file moved from 'C:/Zybo-Z7-20-pcam-5c/release_3/Zybo-Z7-20-pcam-5c-2019.1/PrjAr/_X_' since last save.
Scanning sources...
Finished scanning sources
WARNING: [filemgmt 56-2] IPUserFilesDir: Could not find the directory 'D:/Github/Zybo-Z7-20-pcam-5c/vivado_proj/Zybo-Z7-20-pcam-5c.ip_user_files', nor could it be found using path 'C:/Zybo-Z7-20-pcam-5c/release_3/Zybo-Z7-20-pcam-5c-2019.1/PrjAr/_X_/Zybo-Z7-20-pcam-5c.ip_user_files'.
INFO: [IP_Flow 19-234] Refreshing IP repositories
INFO: [IP_Flow 19-1700] Loaded user IP repository 'd:/Github/Zybo-Z7-20-pcam-5c/vivado_proj/Zybo-Z7-20-pcam-5c.ipdefs/repo_0'.
INFO: [IP_Flow 19-2313] Loaded Vivado IP repository 'D:/Xilinx/Vivado/2019.1/data/ip'.
open_project: Time (s): cpu = 00:00:39 ; elapsed = 00:00:23 . Memory (MB): peak = 1012.914 ; gain = 364.180
update_compile_order -fileset sources_1
exit
INFO: [Common 17-206] Exiting Vivado at Tue May  7 16:16:29 2024...
